<?xml version="1.0" encoding="UTF-8"?>
<!-- Generated by org.testng.reporters.JUnitReportReporter -->
<testsuite skipped="0" hostname="DESKTOP-KHTNE4T" name="com.sanity.SanityTest2" tests="3" failures="0" timestamp="28 May 2020 18:41:19 GMT" time="10.898" errors="0">
  <testcase name="sanity2" time="5.584" classname="com.sanity.SanityTest2"/>
  <testcase name="sanity1" time="2.086" classname="com.sanity.SanityTest2"/>
  <testcase name="sanity3" time="3.228" classname="com.sanity.SanityTest2"/>
</testsuite> <!-- com.sanity.SanityTest2 -->
